<?xml version="1.0" encoding="UTF-8"?>
<!-- Generated by org.testng.reporters.JUnitReportReporter -->
<testsuite hostname="Cyborg-Genisys" failures="0" tests="1" name="Test.day4" time="0.003" errors="0" timestamp="2021-06-05T12:07:06 PKT" skipped="0">
  <testcase classname="Test.day4" name="APILoginCarLoan" time="0.003"/>
  <system-out/>
</testsuite> <!-- Test.day4 -->
