<?xml version="1.0" encoding="UTF-8"?>
<!-- Generated by org.testng.reporters.JUnitReportReporter -->
<testsuite hostname="Cyborg-Genisys" failures="0" tests="3" name="Test.day2" time="0.016" errors="0" timestamp="2021-06-05T12:07:06 PKT" skipped="0">
  <testcase classname="Test.day2" name="test1plan" time="0.004"/>
  <system-out/>
  <testcase classname="Test.day2" name="test2plan" time="0.006"/>
  <system-out/>
  <testcase classname="Test.day2" name="testplan" time="0.006"/>
  <system-out/>
</testsuite> <!-- Test.day2 -->
