<?xml version="1.0" encoding="UTF-8"?>
<!-- Generated by org.testng.reporters.JUnitReportReporter -->
<testsuite hostname="Cyborg-Genisys" failures="0" tests="5" name="Test.day3" time="0.025" errors="0" timestamp="2021-06-05T12:07:06 PKT" skipped="1">
  <testcase classname="Test.day3" name="webLoginHomeLoan" time="0.003"/>
  <system-out/>
  <testcase classname="Test.day3" name="mobile2LoginHomeLoan" time="0.012"/>
  <system-out/>
  <testcase classname="Test.day3" name="mobileLoginHomeLoan" time="0.007"/>
  <system-out/>
  <testcase classname="Test.day3" name="APILoginHomeLoan" time="0.003"/>
  <system-out/>
  <testcase classname="Test.day3" name="mobile1LoginHomeLoan">
    <skipped/>
  </testcase> <!-- mobile1LoginHomeLoan -->
  <system-out/>
</testsuite> <!-- Test.day3 -->
