<?xml version="1.0" encoding="UTF-8"?>
<!-- Generated by org.testng.reporters.JUnitReportReporter -->
<testsuite hostname="Cyborg-Genisys" failures="0" tests="4" name="Test.day1" time="0.038" errors="0" timestamp="2021-06-05T12:07:06 PKT" skipped="0">
  <testcase classname="Test.day1" name="demo" time="0.014"/>
  <system-out/>
  <testcase classname="Test.day1" name="demo1" time="0.008"/>
  <system-out/>
  <testcase classname="Test.day1" name="demo1" time="0.005"/>
  <system-out/>
  <testcase classname="Test.day1" name="demo1" time="0.011"/>
  <system-out/>
</testsuite> <!-- Test.day1 -->
